  Board.cpp
C:\pr31_ungman\monopoly\Board.cpp(15,78): warning C4566: символ, представленный универсальным именем символа "\U0001F7E4", невозможно представить в текущей кодовой странице (1251)
C:\pr31_ungman\monopoly\Board.cpp(16,68): warning C4566: символ, представленный универсальным именем символа "\U0001F7E4", невозможно представить в текущей кодовой странице (1251)
C:\pr31_ungman\monopoly\Board.cpp(17,83): warning C4566: символ, представленный универсальным именем символа "\U0001F4E6", невозможно представить в текущей кодовой странице (1251)
C:\pr31_ungman\monopoly\Board.cpp(18,67): warning C4566: символ, представленный универсальным именем символа "\U0001F7E6", невозможно представить в текущей кодовой странице (1251)
C:\pr31_ungman\monopoly\Board.cpp(19,65): warning C4566: символ, представленный универсальным именем символа "\U0001F7E6", невозможно представить в текущей кодовой странице (1251)
C:\pr31_ungman\monopoly\Board.cpp(20,63): warning C4566: символ, представленный универсальным именем символа "\U0001F7EA", невозможно представить в текущей кодовой странице (1251)
C:\pr31_ungman\monopoly\Board.cpp(21,61): warning C4566: символ, представленный универсальным именем символа "\U0001F7EA", невозможно представить в текущей кодовой странице (1251)
C:\pr31_ungman\monopoly\Board.cpp(22,59): warning C4566: символ, представленный универсальным именем символа "\U0001F7E7", невозможно представить в текущей кодовой странице (1251)
C:\pr31_ungman\monopoly\Board.cpp(23,67): warning C4566: символ, представленный универсальным именем символа "\U0001F7E0", невозможно представить в текущей кодовой странице (1251)
C:\pr31_ungman\monopoly\Board.cpp(24,62): warning C4566: символ, представленный универсальным именем символа "\U0001F7E0", невозможно представить в текущей кодовой странице (1251)
C:\pr31_ungman\monopoly\Board.cpp(25,58): warning C4566: символ, представленный универсальным именем символа "\u2753", невозможно представить в текущей кодовой странице (1251)
C:\pr31_ungman\monopoly\Board.cpp(26,57): warning C4566: символ, представленный универсальным именем символа "\u2B1C", невозможно представить в текущей кодовой странице (1251)
C:\pr31_ungman\monopoly\Board.cpp(27,72): warning C4566: символ, представленный универсальным именем символа "\U0001F534", невозможно представить в текущей кодовой странице (1251)
C:\pr31_ungman\monopoly\Board.cpp(28,64): warning C4566: символ, представленный универсальным именем символа "\U0001F534", невозможно представить в текущей кодовой странице (1251)
C:\pr31_ungman\monopoly\Board.cpp(29,84): warning C4566: символ, представленный универсальным именем символа "\U0001F4E6", невозможно представить в текущей кодовой странице (1251)
C:\pr31_ungman\monopoly\Board.cpp(30,66): warning C4566: символ, представленный универсальным именем символа "\U0001F7E8", невозможно представить в текущей кодовой странице (1251)
C:\pr31_ungman\monopoly\Board.cpp(31,62): warning C4566: символ, представленный универсальным именем символа "\U0001F7E8", невозможно представить в текущей кодовой странице (1251)
C:\pr31_ungman\monopoly\Board.cpp(32,86): warning C4566: символ, представленный универсальным именем символа "\U0001F17F", невозможно представить в текущей кодовой странице (1251)
C:\pr31_ungman\monopoly\Board.cpp(32,86): warning C4566: символ, представленный универсальным именем символа "\uFE0F", невозможно представить в текущей кодовой странице (1251)
C:\pr31_ungman\monopoly\Board.cpp(33,72): warning C4566: символ, представленный универсальным именем символа "\U0001F7E9", невозможно представить в текущей кодовой странице (1251)
C:\pr31_ungman\monopoly\Board.cpp(34,72): warning C4566: символ, представленный универсальным именем символа "\U0001F7E9", невозможно представить в текущей кодовой странице (1251)
C:\pr31_ungman\monopoly\Board.cpp(35,58): warning C4566: символ, представленный универсальным именем символа "\u2753", невозможно представить в текущей кодовой странице (1251)
C:\pr31_ungman\monopoly\Board.cpp(36,64): warning C4566: символ, представленный универсальным именем символа "\U0001F7EB", невозможно представить в текущей кодовой странице (1251)
C:\pr31_ungman\monopoly\Board.cpp(37,64): warning C4566: символ, представленный универсальным именем символа "\U0001F7EB", невозможно представить в текущей кодовой странице (1251)
  monopoly.vcxproj -> C:\pr31_ungman\monopoly\x64\Debug\monopoly.exe
